Using pre-set license
Built from '2020.3/staging' branch; Version is '2020.3.0f1 (c7b5465681fb) revision 13088070'; Using compiler version '192528614'; Build Type 'Release'
OS: 'Windows 10 Home; OS build 19041.1052; Version 2004; 64bit' Language: 'fr' Physical Memory: 8091 MB
BatchMode: 1, IsHumanControllingUs: 0, StartBugReporterOnCrash: 0, Is64bit: 1, IsPro: 0

 COMMAND LINE ARGUMENTS:
C:\Program Files\Unity\Hub\Editor\2020.3.0f1\Editor\Unity.exe
-adb2
-batchMode
-noUpm
-name
AssetImportWorker0
-projectPath
C:/Users/JiP/Documents/Unity/Github/SubmissionJrProgr/RealOOPillars/RealOOPillars
-logFile
Logs/AssetImportWorker0.log
-srvPort
61396
Successfully changed project path to: C:/Users/JiP/Documents/Unity/Github/SubmissionJrProgr/RealOOPillars/RealOOPillars
C:/Users/JiP/Documents/Unity/Github/SubmissionJrProgr/RealOOPillars/RealOOPillars
Using Asset Import Pipeline V2.
Refreshing native plugins compatible for Editor in 58.04 ms, found 0 plugins.
Preloading 0 native plugins for Editor in 0.00 ms.
Initialize engine version: 2020.3.0f1 (c7b5465681fb)
[Subsystems] Discovering subsystems at path C:/Program Files/Unity/Hub/Editor/2020.3.0f1/Editor/Data/Resources/UnitySubsystems
[Subsystems] Discovering subsystems at path C:/Users/JiP/Documents/Unity/Github/SubmissionJrProgr/RealOOPillars/RealOOPillars/Assets
GfxDevice: creating device client; threaded=0
Direct3D:
    Version:  Direct3D 11.0 [level 11.1]
    Renderer: Intel(R) HD Graphics 515 (ID=0x191e)
    Vendor:   
    VRAM:     4045 MB
    Driver:   26.20.100.7325
Initialize mono
Mono path[0] = 'C:/Program Files/Unity/Hub/Editor/2020.3.0f1/Editor/Data/Managed'
Mono path[1] = 'C:/Program Files/Unity/Hub/Editor/2020.3.0f1/Editor/Data/MonoBleedingEdge/lib/mono/unityjit'
Mono config path = 'C:/Program Files/Unity/Hub/Editor/2020.3.0f1/Editor/Data/MonoBleedingEdge/etc'
Using monoOptions --debugger-agent=transport=dt_socket,embedding=1,server=y,suspend=n,address=127.0.0.1:56244
Begin MonoManager ReloadAssembly
Registering precompiled unity dll's ...
Register platform support module: C:/Program Files/Unity/Hub/Editor/2020.3.0f1/Editor/Data/PlaybackEngines/WebGLSupport/UnityEditor.WebGL.Extensions.dll
Register platform support module: C:/Program Files/Unity/Hub/Editor/2020.3.0f1/Editor/Data/PlaybackEngines/WindowsStandaloneSupport/UnityEditor.WindowsStandalone.Extensions.dll
Registered in 0.006518 seconds.
Native extension for WindowsStandalone target not found
Native extension for WebGL target not found
Refreshing native plugins compatible for Editor in 105.12 ms, found 0 plugins.
Preloading 0 native plugins for Editor in 0.00 ms.
Invoked RoslynAnalysisRunner static constructor.
RoslynAnalysisRunner will not be running.
RoslynAnalysisRunner has terminated.
Mono: successfully reloaded assembly
- Completed reload, in  3.927 seconds
Platform modules already initialized, skipping
Registering precompiled user dll's ...
Registered in 0.002031 seconds.
Begin MonoManager ReloadAssembly
Native extension for WindowsStandalone target not found
Native extension for WebGL target not found
Refreshing native plugins compatible for Editor in 0.36 ms, found 0 plugins.
Preloading 0 native plugins for Editor in 0.00 ms.
Invoked RoslynAnalysisRunner static constructor.
RoslynAnalysisRunner will not be running.
RoslynAnalysisRunner has terminated.
Mono: successfully reloaded assembly
- Completed reload, in  4.761 seconds
Platform modules already initialized, skipping
========================================================================
Worker process is ready to serve import requests
Launched and connected shader compiler UnityShaderCompiler.exe after 0.14 seconds
Refreshing native plugins compatible for Editor in 0.38 ms, found 0 plugins.
Preloading 0 native plugins for Editor in 0.00 ms.
Unloading 1117 Unused Serialized files (Serialized files now loaded: 0)
System memory in use before: 57.4 MB.
System memory in use after: 57.4 MB.

Unloading 10 unused Assets to reduce memory usage. Loaded Objects now: 1560.
Total: 3.077300 ms (FindLiveObjects: 0.358500 ms CreateObjectMapping: 0.115100 ms MarkObjects: 2.453000 ms  DeleteObjects: 0.148000 ms)

========================================================================
Received Import Request.
  path: Assets/Scripts
  artifactKey: Guid(bddcb0ef9e70c1743af0e643f3a4a01f) Importer(815301076,1909f56bfc062723c751e8b465ee728b)
Start importing Assets/Scripts using Guid(bddcb0ef9e70c1743af0e643f3a4a01f) Importer(815301076,1909f56bfc062723c751e8b465ee728b)  -> (artifact id: '518b5ecb52d1f6158f0d912150991c84') in 0.007790 seconds
  Import took 0.013608 seconds .

========================================================================
Received Import Request.
  Time since last request: 0.000572 seconds.
  path: Assets/Scripts/Cube.cs
  artifactKey: Guid(f94d2cc68c65f4c44b00311109ce2bdd) Importer(815301076,1909f56bfc062723c751e8b465ee728b)
Start importing Assets/Scripts/Cube.cs using Guid(f94d2cc68c65f4c44b00311109ce2bdd) Importer(815301076,1909f56bfc062723c751e8b465ee728b)  -> (artifact id: 'cf24f8afeb4fd7ebca6a179d1ac5ebcd') in 0.101983 seconds
  Import took 0.107750 seconds .

========================================================================
Received Import Request.
  Time since last request: 13.487095 seconds.
  path: Assets/Scripts/Rectangle.cs
  artifactKey: Guid(4efffdca75a76e64c94bc284a708828b) Importer(815301076,1909f56bfc062723c751e8b465ee728b)
Start importing Assets/Scripts/Rectangle.cs using Guid(4efffdca75a76e64c94bc284a708828b) Importer(815301076,1909f56bfc062723c751e8b465ee728b)  -> (artifact id: 'bf0e44c43061818b16cd64372d81404e') in 0.051178 seconds
  Import took 0.089608 seconds .

========================================================================
Received Import Request.
  Time since last request: 8.336470 seconds.
  path: Assets/Scripts/Sphere.cs
  artifactKey: Guid(146d5eaf23bc9574dae6c86af3683037) Importer(815301076,1909f56bfc062723c751e8b465ee728b)
Start importing Assets/Scripts/Sphere.cs using Guid(146d5eaf23bc9574dae6c86af3683037) Importer(815301076,1909f56bfc062723c751e8b465ee728b)  -> (artifact id: '3378e339860e124bf73dd208c3c02c92') in 0.007341 seconds
  Import took 0.014100 seconds .

========================================================================
Received Import Request.
  Time since last request: 13.523580 seconds.
  path: Assets/Scripts/Sphere.cs
  artifactKey: Guid(146d5eaf23bc9574dae6c86af3683037) Importer(815301076,1909f56bfc062723c751e8b465ee728b)
Start importing Assets/Scripts/Sphere.cs using Guid(146d5eaf23bc9574dae6c86af3683037) Importer(815301076,1909f56bfc062723c751e8b465ee728b)  -> (artifact id: '83832f9c9d9d003b9ea084a3fd1cd06d') in 0.006464 seconds
  Import took 0.015971 seconds .

========================================================================
Received Prepare
Registering precompiled user dll's ...
Registered in 0.005363 seconds.
Begin MonoManager ReloadAssembly
Native extension for WindowsStandalone target not found
Native extension for WebGL target not found
Refreshing native plugins compatible for Editor in 0.67 ms, found 0 plugins.
Preloading 0 native plugins for Editor in 0.00 ms.
Invoked RoslynAnalysisRunner static constructor.
RoslynAnalysisRunner will not be running.
RoslynAnalysisRunner has terminated.
Mono: successfully reloaded assembly
- Completed reload, in  2.525 seconds
Platform modules already initialized, skipping
Refreshing native plugins compatible for Editor in 0.41 ms, found 0 plugins.
Preloading 0 native plugins for Editor in 0.00 ms.
Unloading 1112 Unused Serialized files (Serialized files now loaded: 0)
System memory in use before: 57.3 MB.
System memory in use after: 57.4 MB.

Unloading 5 unused Assets to reduce memory usage. Loaded Objects now: 1563.
Total: 4.448500 ms (FindLiveObjects: 0.357800 ms CreateObjectMapping: 0.135800 ms MarkObjects: 3.845800 ms  DeleteObjects: 0.106500 ms)

========================================================================
Received Prepare
Registering precompiled user dll's ...
Registered in 0.001940 seconds.
Begin MonoManager ReloadAssembly
Native extension for WindowsStandalone target not found
Native extension for WebGL target not found
Refreshing native plugins compatible for Editor in 0.38 ms, found 0 plugins.
Preloading 0 native plugins for Editor in 0.00 ms.
Invoked RoslynAnalysisRunner static constructor.
RoslynAnalysisRunner will not be running.
RoslynAnalysisRunner has terminated.
Mono: successfully reloaded assembly
- Completed reload, in  2.084 seconds
Platform modules already initialized, skipping
Refreshing native plugins compatible for Editor in 0.36 ms, found 0 plugins.
Preloading 0 native plugins for Editor in 0.00 ms.
Unloading 1112 Unused Serialized files (Serialized files now loaded: 0)
System memory in use before: 57.4 MB.
System memory in use after: 57.4 MB.

Unloading 5 unused Assets to reduce memory usage. Loaded Objects now: 1566.
Total: 3.697000 ms (FindLiveObjects: 0.256000 ms CreateObjectMapping: 0.077200 ms MarkObjects: 3.247900 ms  DeleteObjects: 0.113000 ms)

========================================================================
Received Prepare
Registering precompiled user dll's ...
Registered in 0.002097 seconds.
Begin MonoManager ReloadAssembly
Native extension for WindowsStandalone target not found
Native extension for WebGL target not found
Refreshing native plugins compatible for Editor in 0.64 ms, found 0 plugins.
Preloading 0 native plugins for Editor in 0.00 ms.
Invoked RoslynAnalysisRunner static constructor.
RoslynAnalysisRunner will not be running.
RoslynAnalysisRunner has terminated.
Mono: successfully reloaded assembly
- Completed reload, in  2.322 seconds
Platform modules already initialized, skipping
Refreshing native plugins compatible for Editor in 0.57 ms, found 0 plugins.
Preloading 0 native plugins for Editor in 0.00 ms.
Unloading 1112 Unused Serialized files (Serialized files now loaded: 0)
System memory in use before: 57.4 MB.
System memory in use after: 57.5 MB.

Unloading 5 unused Assets to reduce memory usage. Loaded Objects now: 1569.
Total: 4.935700 ms (FindLiveObjects: 0.455700 ms CreateObjectMapping: 0.163800 ms MarkObjects: 4.208300 ms  DeleteObjects: 0.104400 ms)

========================================================================
Received Import Request.
  Time since last request: 119.823393 seconds.
  path: Assets/Scripts/Sphere.cs
  artifactKey: Guid(146d5eaf23bc9574dae6c86af3683037) Importer(815301076,1909f56bfc062723c751e8b465ee728b)
Start importing Assets/Scripts/Sphere.cs using Guid(146d5eaf23bc9574dae6c86af3683037) Importer(815301076,1909f56bfc062723c751e8b465ee728b)  -> (artifact id: '247641100e2ba2ec9c0c93bc6475ad6a') in 0.013876 seconds
  Import took 0.022250 seconds .

========================================================================
Received Import Request.
  Time since last request: 2.887511 seconds.
  path: Assets/Scripts/Sphere.cs
  artifactKey: Guid(146d5eaf23bc9574dae6c86af3683037) Importer(815301076,1909f56bfc062723c751e8b465ee728b)
Start importing Assets/Scripts/Sphere.cs using Guid(146d5eaf23bc9574dae6c86af3683037) Importer(815301076,1909f56bfc062723c751e8b465ee728b)  -> (artifact id: '247641100e2ba2ec9c0c93bc6475ad6a') in 0.009501 seconds
  Import took 0.016471 seconds .

========================================================================
Received Prepare
Registering precompiled user dll's ...
Registered in 0.002444 seconds.
Begin MonoManager ReloadAssembly
Native extension for WindowsStandalone target not found
Native extension for WebGL target not found
Refreshing native plugins compatible for Editor in 0.68 ms, found 0 plugins.
Preloading 0 native plugins for Editor in 0.00 ms.
Invoked RoslynAnalysisRunner static constructor.
RoslynAnalysisRunner will not be running.
RoslynAnalysisRunner has terminated.
Mono: successfully reloaded assembly
- Completed reload, in  2.278 seconds
Platform modules already initialized, skipping
Refreshing native plugins compatible for Editor in 0.42 ms, found 0 plugins.
Preloading 0 native plugins for Editor in 0.00 ms.
Unloading 1112 Unused Serialized files (Serialized files now loaded: 0)
System memory in use before: 57.4 MB.
System memory in use after: 57.5 MB.

Unloading 5 unused Assets to reduce memory usage. Loaded Objects now: 1572.
Total: 3.491700 ms (FindLiveObjects: 0.257200 ms CreateObjectMapping: 0.057000 ms MarkObjects: 3.084400 ms  DeleteObjects: 0.090500 ms)

